sample/app/build/intermediates/manifest_merge_blame_file/debug/processDebugMainManifest/manifest-merger-blame-debug-report.txt
1<?xml version="1.0" encoding="utf-8"?>
2<manifest xmlns:android="http://schemas.android.com/apk/res/android"
3    package="com.iritech.android.irissample"
4    android:testOnly="false"
5    android:versionCode="2020126"
6    android:versionName="2.0.20126" >
7
8    <uses-sdk
9        android:minSdkVersion="21"
10        android:targetSdkVersion="35" />
11
12    <uses-feature
12-->src\main\AndroidManifest.xml:5:5-7:36
13        android:name="android.hardware.camera"
13-->src\main\AndroidManifest.xml:6:9-47
14        android:required="false" />
14-->src\main\AndroidManifest.xml:7:9-33
15
16    <uses-permission android:name="android.permission.DISABLE_KEYGUARD" />
16-->src\main\AndroidManifest.xml:9:5-75
16-->src\main\AndroidManifest.xml:9:22-72
17    <uses-permission android:name="android.permission.VIBRATE" />
17-->src\main\AndroidManifest.xml:10:5-66
17-->src\main\AndroidManifest.xml:10:22-63
18    <uses-permission android:name="android.permission.GET_ACCOUNTS" />
18-->src\main\AndroidManifest.xml:11:5-71
18-->src\main\AndroidManifest.xml:11:22-68
19    <uses-permission android:name="android.permission.WAKE_LOCK" />
19-->src\main\AndroidManifest.xml:12:5-68
19-->src\main\AndroidManifest.xml:12:22-65
20    <uses-permission android:name="android.permission.INTERNET" />
20-->src\main\AndroidManifest.xml:13:5-67
20-->src\main\AndroidManifest.xml:13:22-64
21    <uses-permission android:name="android.permission.ACCESS_FINE_LOCATION" />
21-->src\main\AndroidManifest.xml:14:5-79
21-->src\main\AndroidManifest.xml:14:22-76
22    <uses-permission android:name="android.permission.ACCESS_COARSE_LOCATION" />
22-->src\main\AndroidManifest.xml:15:5-81
22-->src\main\AndroidManifest.xml:15:22-78
23    <uses-permission android:name="android.permission.ACCESS_NETWORK_STATE" />
23-->src\main\AndroidManifest.xml:16:5-79
23-->src\main\AndroidManifest.xml:16:22-76
24    <uses-permission android:name="android.permission.CHANGE_NETWORK_STATE" />
24-->src\main\AndroidManifest.xml:17:5-79
24-->src\main\AndroidManifest.xml:17:22-76
25    <uses-permission android:name="android.permission.READ_EXTERNAL_STORAGE" />
25-->src\main\AndroidManifest.xml:18:5-80
25-->src\main\AndroidManifest.xml:18:22-77
26    <uses-permission android:name="android.permission.WRITE_EXTERNAL_STORAGE" />
26-->src\main\AndroidManifest.xml:19:5-81
26-->src\main\AndroidManifest.xml:19:22-78
27    <uses-permission android:name="android.permission.READ_MEDIA_IMAGES" />
27-->src\main\AndroidManifest.xml:20:5-76
27-->src\main\AndroidManifest.xml:20:22-73
28    <uses-permission android:name="android.permission.READ_MEDIA_VIDEO" />
28-->src\main\AndroidManifest.xml:21:5-75
28-->src\main\AndroidManifest.xml:21:22-72
29    <uses-permission android:name="android.permission.READ_MEDIA_AUDIO" />
29-->src\main\AndroidManifest.xml:22:5-75
29-->src\main\AndroidManifest.xml:22:22-72
30    <uses-permission android:name="android.permission.READ_MEDIA_STORAGE" />
30-->src\main\AndroidManifest.xml:23:5-77
30-->src\main\AndroidManifest.xml:23:22-74
31    <uses-permission android:name="android.permission.ACCESS_WIFI_STATE" />
31-->src\main\AndroidManifest.xml:24:5-76
31-->src\main\AndroidManifest.xml:24:22-73
32    <uses-permission android:name="android.permission.CHANGE_WIFI_STATE" />
32-->src\main\AndroidManifest.xml:25:5-76
32-->src\main\AndroidManifest.xml:25:22-73
33    <uses-permission android:name="android.permission.UPDATE_DEVICE_STATE" />
33-->src\main\AndroidManifest.xml:26:5-78
33-->src\main\AndroidManifest.xml:26:22-75
34    <uses-permission android:name="android.permission.CAMERA" />
34-->src\main\AndroidManifest.xml:27:5-65
34-->src\main\AndroidManifest.xml:27:22-62
35    <uses-permission android:name="android.permission.BLUETOOTH" />
35-->src\main\AndroidManifest.xml:28:5-68
35-->src\main\AndroidManifest.xml:28:22-65
36    <uses-permission android:name="android.permission.BLUETOOTH_ADMIN" />
36-->src\main\AndroidManifest.xml:29:5-74
36-->src\main\AndroidManifest.xml:29:22-71
37    <uses-permission android:name="android.permission.READ_PHONE_STATE" />
37-->src\main\AndroidManifest.xml:30:5-75
37-->src\main\AndroidManifest.xml:30:22-72
38    <uses-permission android:name="android.permission.READ_SYNC_SETTINGS" />
38-->src\main\AndroidManifest.xml:31:5-77
38-->src\main\AndroidManifest.xml:31:22-74
39    <uses-permission android:name="android.permission.READ_SYNC_STATS" />
39-->src\main\AndroidManifest.xml:32:5-74
39-->src\main\AndroidManifest.xml:32:22-71
40    <uses-permission android:name="android.permission.RECEIVE_BOOT_COMPLETED" />
40-->src\main\AndroidManifest.xml:33:5-81
40-->src\main\AndroidManifest.xml:33:22-78
41    <uses-permission android:name="android.permission.GET_TASKS" />
41-->src\main\AndroidManifest.xml:34:5-68
41-->src\main\AndroidManifest.xml:34:22-65
42    <uses-permission android:name="android.permission.READ_OWNER_DATA" />
42-->src\main\AndroidManifest.xml:35:5-74
42-->src\main\AndroidManifest.xml:35:22-71
43    <uses-permission android:name="android.permission.WRITE_OWNER_DATA" />
43-->src\main\AndroidManifest.xml:36:5-75
43-->src\main\AndroidManifest.xml:36:22-72
44    <uses-permission android:name="com.id2mp.permissions.IRIS" />
44-->src\main\AndroidManifest.xml:37:5-66
44-->src\main\AndroidManifest.xml:37:22-63
45
46    <!-- Required by older versions of Google Play services to create GCM registration tokens -->
47    <uses-permission android:name="com.google.android.c2dm.permission.RECEIVE" />
47-->[com.google.android.gms:play-services-gcm:17.0.0] AndroidManifest.xml:23:5-82
47-->[com.google.android.gms:play-services-gcm:17.0.0] AndroidManifest.xml:23:22-79
48    <uses-permission android:name="android.permission.WRITE_INTERNAL_STORAGE" />
48-->[:iricapture+] AndroidManifest.xml:11:5-81
48-->[:iricapture+] AndroidManifest.xml:11:22-78
49    <uses-permission android:name="android.permission.READ_INTERNAL_STORAGE" />
49-->[:iricapture+] AndroidManifest.xml:12:5-80
49-->[:iricapture+] AndroidManifest.xml:12:22-77
50    <uses-permission android:name="android.permission.MOUNT_UNMOUNT_FILESYSTEMS" />
50-->[:iricapture+] AndroidManifest.xml:18:5-84
50-->[:iricapture+] AndroidManifest.xml:18:22-81
51    <uses-permission android:name="android.permission.READ_LOGS" />
51-->[:iricapture+] AndroidManifest.xml:24:5-68
51-->[:iricapture+] AndroidManifest.xml:24:22-65
52    <uses-permission android:name="android.permission.WRITE_SETTINGS" />
52-->[:iricapture+] AndroidManifest.xml:28:5-73
52-->[:iricapture+] AndroidManifest.xml:28:22-70
53    <uses-permission android:name="android.permission.SET_TIME_ZONE" />
53-->[:iricapture+] AndroidManifest.xml:31:5-72
53-->[:iricapture+] AndroidManifest.xml:31:22-69
54
55    <permission
55-->[androidx.core:core:1.13.0] AndroidManifest.xml:22:5-24:47
56        android:name="com.iritech.android.irissample.DYNAMIC_RECEIVER_NOT_EXPORTED_PERMISSION"
56-->[androidx.core:core:1.13.0] AndroidManifest.xml:23:9-81
57        android:protectionLevel="signature" />
57-->[androidx.core:core:1.13.0] AndroidManifest.xml:24:9-44
58
59    <uses-permission android:name="com.iritech.android.irissample.DYNAMIC_RECEIVER_NOT_EXPORTED_PERMISSION" />
59-->[androidx.core:core:1.13.0] AndroidManifest.xml:26:5-97
59-->[androidx.core:core:1.13.0] AndroidManifest.xml:26:22-94
60
61    <application
61-->src\main\AndroidManifest.xml:39:5-76:19
62        android:allowBackup="true"
62-->src\main\AndroidManifest.xml:40:9-35
63        android:appComponentFactory="androidx.core.app.CoreComponentFactory"
63-->[androidx.core:core:1.13.0] AndroidManifest.xml:28:18-86
64        android:debuggable="true"
65        android:extractNativeLibs="true"
66        android:icon="@drawable/ic_app_logo"
66-->src\main\AndroidManifest.xml:41:9-45
67        android:label="@string/app_name"
67-->src\main\AndroidManifest.xml:42:9-41
68        android:requestLegacyExternalStorage="true"
68-->src\main\AndroidManifest.xml:43:9-52
69        android:supportsRtl="true"
69-->src\main\AndroidManifest.xml:44:9-35
70        android:testOnly="true"
71        android:theme="@style/AppTheme" >
71-->src\main\AndroidManifest.xml:45:9-40
72        <activity
72-->src\main\AndroidManifest.xml:46:9-48:40
73            android:name="com.iritech.irissample.IdentifyActivity"
73-->src\main\AndroidManifest.xml:47:13-45
74            android:exported="false" />
74-->src\main\AndroidManifest.xml:48:13-37
75        <activity
75-->src\main\AndroidManifest.xml:49:9-51:40
76            android:name="com.iritech.irissample.VerifyActivity"
76-->src\main\AndroidManifest.xml:50:13-43
77            android:exported="false" />
77-->src\main\AndroidManifest.xml:51:13-37
78        <activity
78-->src\main\AndroidManifest.xml:52:9-54:40
79            android:name="com.iritech.irissample.EnrollActivity"
79-->src\main\AndroidManifest.xml:53:13-43
80            android:exported="false" />
80-->src\main\AndroidManifest.xml:54:13-37
81        <activity
81-->src\main\AndroidManifest.xml:55:9-65:20
82            android:name="com.iritech.irissample.MainActivity"
82-->src\main\AndroidManifest.xml:56:13-41
83            android:exported="true"
83-->src\main\AndroidManifest.xml:57:13-36
84            android:screenOrientation="portrait"
84-->src\main\AndroidManifest.xml:58:13-49
85            android:theme="@style/AppTheme.NoActionBar" >
85-->src\main\AndroidManifest.xml:59:13-56
86            <intent-filter>
86-->src\main\AndroidManifest.xml:60:13-64:29
87                <action android:name="android.intent.action.MAIN" />
87-->src\main\AndroidManifest.xml:61:17-69
87-->src\main\AndroidManifest.xml:61:25-66
88
89                <category android:name="android.intent.category.LAUNCHER" />
89-->src\main\AndroidManifest.xml:63:17-77
89-->src\main\AndroidManifest.xml:63:27-74
90            </intent-filter>
91        </activity>
92
93        <provider
94            android:name="androidx.core.content.FileProvider"
94-->src\main\AndroidManifest.xml:68:13-62
95            android:authorities="com.iritech.android.irissample.provider"
95-->src\main\AndroidManifest.xml:69:13-60
96            android:exported="false"
96-->src\main\AndroidManifest.xml:70:13-37
97            android:grantUriPermissions="true" >
97-->src\main\AndroidManifest.xml:71:13-47
98            <meta-data
98-->src\main\AndroidManifest.xml:72:13-74:54
99                android:name="android.support.FILE_PROVIDER_PATHS"
99-->src\main\AndroidManifest.xml:73:17-67
100                android:resource="@xml/file_paths" />
100-->src\main\AndroidManifest.xml:74:17-51
101        </provider>
102
103        <activity
103-->[:iris] AndroidManifest.xml:16:9-22:20
104            android:name="com.iritech.iris.CaptureActivity"
104-->[:iris] AndroidManifest.xml:17:13-60
105            android:label="@string/title_activity_iri"
105-->[:iris] AndroidManifest.xml:18:13-55
106            android:noHistory="false"
106-->[:iris] AndroidManifest.xml:19:13-38
107            android:screenOrientation="portrait"
107-->[:iris] AndroidManifest.xml:20:13-49
108            android:theme="@style/Theme.AppCompat.Light.NoActionBar" >
108-->[:iris] AndroidManifest.xml:21:13-69
109        </activity>
110        <activity android:name="com.iritech.iris.TestActivity" />
110-->[:iris] AndroidManifest.xml:23:9-66
110-->[:iris] AndroidManifest.xml:23:19-63
111        <activity
111-->[com.google.android.gms:play-services-base:17.0.0] AndroidManifest.xml:23:9-26:75
112            android:name="com.google.android.gms.common.api.GoogleApiActivity"
112-->[com.google.android.gms:play-services-base:17.0.0] AndroidManifest.xml:24:13-79
113            android:exported="false"
113-->[com.google.android.gms:play-services-base:17.0.0] AndroidManifest.xml:25:13-37
114            android:theme="@android:style/Theme.Translucent.NoTitleBar" />
114-->[com.google.android.gms:play-services-base:17.0.0] AndroidManifest.xml:26:13-72
115
116        <meta-data
116-->[com.google.android.gms:play-services-basement:17.0.0] AndroidManifest.xml:23:9-25:69
117            android:name="com.google.android.gms.version"
117-->[com.google.android.gms:play-services-basement:17.0.0] AndroidManifest.xml:24:13-58
118            android:value="@integer/google_play_services_version" />
118-->[com.google.android.gms:play-services-basement:17.0.0] AndroidManifest.xml:25:13-66
119
120        <provider
120-->[androidx.profileinstaller:profileinstaller:1.4.0] AndroidManifest.xml:24:9-32:20
121            android:name="androidx.startup.InitializationProvider"
121-->[androidx.profileinstaller:profileinstaller:1.4.0] AndroidManifest.xml:25:13-67
122            android:authorities="com.iritech.android.irissample.androidx-startup"
122-->[androidx.profileinstaller:profileinstaller:1.4.0] AndroidManifest.xml:26:13-68
123            android:exported="false" >
123-->[androidx.profileinstaller:profileinstaller:1.4.0] AndroidManifest.xml:27:13-37
124            <meta-data
124-->[androidx.profileinstaller:profileinstaller:1.4.0] AndroidManifest.xml:29:13-31:52
125                android:name="androidx.profileinstaller.ProfileInstallerInitializer"
125-->[androidx.profileinstaller:profileinstaller:1.4.0] AndroidManifest.xml:30:17-85
126                android:value="androidx.startup" />
126-->[androidx.profileinstaller:profileinstaller:1.4.0] AndroidManifest.xml:31:17-49
127        </provider>
128
129        <receiver
129-->[androidx.profileinstaller:profileinstaller:1.4.0] AndroidManifest.xml:34:9-52:20
130            android:name="androidx.profileinstaller.ProfileInstallReceiver"
130-->[androidx.profileinstaller:profileinstaller:1.4.0] AndroidManifest.xml:35:13-76
131            android:directBootAware="false"
131-->[androidx.profileinstaller:profileinstaller:1.4.0] AndroidManifest.xml:36:13-44
132            android:enabled="true"
132-->[androidx.profileinstaller:profileinstaller:1.4.0] AndroidManifest.xml:37:13-35
133            android:exported="true"
133-->[androidx.profileinstaller:profileinstaller:1.4.0] AndroidManifest.xml:38:13-36
134            android:permission="android.permission.DUMP" >
134-->[androidx.profileinstaller:profileinstaller:1.4.0] AndroidManifest.xml:39:13-57
135            <intent-filter>
135-->[androidx.profileinstaller:profileinstaller:1.4.0] AndroidManifest.xml:40:13-42:29
136                <action android:name="androidx.profileinstaller.action.INSTALL_PROFILE" />
136-->[androidx.profileinstaller:profileinstaller:1.4.0] AndroidManifest.xml:41:17-91
136-->[androidx.profileinstaller:profileinstaller:1.4.0] AndroidManifest.xml:41:25-88
137            </intent-filter>
138            <intent-filter>
138-->[androidx.profileinstaller:profileinstaller:1.4.0] AndroidManifest.xml:43:13-45:29
139                <action android:name="androidx.profileinstaller.action.SKIP_FILE" />
139-->[androidx.profileinstaller:profileinstaller:1.4.0] AndroidManifest.xml:44:17-85
139-->[androidx.profileinstaller:profileinstaller:1.4.0] AndroidManifest.xml:44:25-82
140            </intent-filter>
141            <intent-filter>
141-->[androidx.profileinstaller:profileinstaller:1.4.0] AndroidManifest.xml:46:13-48:29
142                <action android:name="androidx.profileinstaller.action.SAVE_PROFILE" />
142-->[androidx.profileinstaller:profileinstaller:1.4.0] AndroidManifest.xml:47:17-88
142-->[androidx.profileinstaller:profileinstaller:1.4.0] AndroidManifest.xml:47:25-85
143            </intent-filter>
144            <intent-filter>
144-->[androidx.profileinstaller:profileinstaller:1.4.0] AndroidManifest.xml:49:13-51:29
145                <action android:name="androidx.profileinstaller.action.BENCHMARK_OPERATION" />
145-->[androidx.profileinstaller:profileinstaller:1.4.0] AndroidManifest.xml:50:17-95
145-->[androidx.profileinstaller:profileinstaller:1.4.0] AndroidManifest.xml:50:25-92
146            </intent-filter>
147        </receiver>
148    </application>
149
150</manifest>